### ISSUE TITLE
failing dlopen lead to create of directory that has named randomize unintentionally.

### ISSUE THREAD

**Issue by ParkHanbum** [namhyung/uftrace#437]
```
m@m:~/git/uftrace$ git status
On branch master
Your branch is up to date with 'origin/master'.

Untracked files:
  (use "git add <file>..." to include in what will be committed)

        libtraceevent/.event-parse.d.97952
        libtraceevent/.event-parse.d.97997
        libtraceevent/.event-parse.d.98237
        "tests/\f\204\001"
        "tests/!\204\001"
        "tests/d\203\001"
        "tests/y\203\001"
        "tests/\216\203\001"
        "tests/\243\203\001"
        "tests/\270\203\001"
        "tests/\315\203\001"
        "tests/\342\203\001"
        "tests/\367\203\001"
```

```
m@m:~/git/uftrace$ ls -al tests/
total 5292
-r-xrws--T  1 m m       0 Aug 12 02:00 '!'$'\204\001'
drwxrwxr-x  3 m m   24576 Aug 12 02:00  .
drwxrwxr-x 16 m m    4096 Aug 12 01:53  ..
-r-xrws--T  1 m m       0 Aug 12 01:59 ''$'\342\203\001'
-r-xrws--T  1 m m       0 Aug 12 01:59 '̓'$'\001'
-r--r-x---  1 m m       0 Aug 12 01:59 ''$'\243\203\001'
-r-xrws--T  1 m m       0 Aug 12 01:59 ''$'\367\203\001'
-rwxr-x---  1 m m       0 Aug 12 01:59 ''$'\270\203\001'
-rwSrwx---  1 m m       0 Aug 12 01:59 ''$'\216\203\001'
-r-xrws--T  1 m m       0 Aug 12 01:59 ''$'\f\204\001'
drwxrwxr-x  4 m m    4096 Aug 12 01:53  arch
-rws--s---  1 m m       0 Aug 12 01:59 'd'$'\203\001'
```

why these files has been created?

**Comment by namhyung** [comment]
Hmm.. I cannot reproduce.  Could you please tell me more about the your environment?  Is this 100% reproducible?

**Comment by ParkHanbum** [comment]
```
m@m:~/git$ git clone https://github.com/namhyung/uftrace.git test
Cloning into 'test'...
remote: Counting objects: 13174, done.
remote: Compressing objects: 100% (8/8), done.
remote: Total 13174 (delta 1), reused 1 (delta 0), pack-reused 13166
Receiving objects: 100% (13174/13174), 4.60 MiB | 3.17 MiB/s, done.
Resolving deltas: 100% (9503/9503), done.
m@m:~/git$ cd test
m@m:~/git/test$ make -j6 test
  GEN      .config
  GEN      version.h
uftrace detected system features:
...         prefix: /usr/local
...         libelf: [ on  ] - more flexible ELF data handling
...          libdw: [ on  ] - DWARF debug info support
...   libpython2.7: [ on  ] - python scripting support
...    libncursesw: [ on  ] - TUI support
...   cxa_demangle: [ on  ] - full demangler support with libstdc++

.......

m@m:~/git/test$ git status
On branch master
Your branch is up to date with 'origin/master'.

Untracked files:
  (use "git add <file>..." to include in what will be committed)

        "tests/\n\032"
        "tests/\037\032"
        "tests/4\032"
        "tests/I\032"
        "tests/^\032"
        "tests/\241\031"
        "tests/\266\031"
        "tests/\313\031"
        "tests/\340\031"
        "tests/\365\031"

```

yes, it can.

**Comment by ParkHanbum** [comment]
```
m@m:~/git/test/tests$ git status
On branch master
Your branch is up to date with 'origin/master'.

Untracked files:
  (use "git add <file>..." to include in what will be committed)

        "\n\032"
        "\r\035"
        "\037\032"
        "\"\035"
        "4\032"
        "7\035"
        "I\032"
        "L\035"
        "^\032"
        "a\035"
        "v\035"
        "\241\031"
        "\266\031"
        "\271\034"
        "\313\031"
        "\316\034"
        "\340\031"
        "\343\034"
        "\365\031"
        "\370\034"

m@m:~/git/test/tests$ ./runtest.py 200
Test case                 pg             finstrument-fu
------------------------: O0 O1 O2 O3 Os O0 O1 O2 O3 Os
200 lib_dlopen2         : SG SG SG SG SG SG SG SG SG SG

runtime test stats
====================
total    10  Tests executed (success: 0.00%)
  OK:     0  Test succeeded
  OK:     0  Test succeeded (with some fixup)
  NG:     0  Different test result
  NZ:     0  Non-zero return value
  SG:    10  Abnormal exit by signal
  TM:     0  Test ran too long
  BI:     0  Build failed
  LA:     0  Unsupported Language
  SK:     0  Skipped
m@m:~/git/test/tests$ git status
On branch master
Your branch is up to date with 'origin/master'.

Untracked files:
  (use "git add <file>..." to include in what will be committed)


        "\n\032"
        "\v\036"
        "\r\035"
        "\037\032"
        " \036"
        "\"\035"
        "4\032"
        "5\036"
        "7\035"
        "I\032"
        "J\036"
        "L\035"
        "^\032"
        "a\035"
        "v\035"
        "\215\035"
        "\241\031"
        "\242\035"
        "\266\031"
        "\267\035"
        "\271\034"
        "\313\031"
        "\314\035"
        "\316\034"
        "\340\031"
        "\341\035"
        "\343\034"
        "\365\031"
        "\366\035"
        "\370\034"

nothing added to commit but untracked files present (use "git add" to track)

```

it seemed to created while testing 200.

**Comment by ParkHanbum** [comment]
```
   0x0000000000400762 <+82>:    callq  0x400700 <dlsym@plt>
   0x0000000000400767 <+87>:    callq  *%rax
=> 0x0000000000400769 <+89>:    mov    (%rax),%rdx
   0x000000000040076c <+92>:    mov    %r12d,%esi
   0x000000000040076f <+95>:    mov    %rax,%rdi
   0x0000000000400772 <+98>:    callq  *(%rdx)
   0x0000000000400774 <+100>:   mov    %rbx,%rdi
   0x0000000000400777 <+103>:   callq  0x4006a0 <dlclose@plt>
   0x000000000040077c <+108>:   mov    0x8(%rbp),%rsi
   0x0000000000400780 <+112>:   mov    $0x400710,%edi
   0x0000000000400785 <+117>:   callq  0x4006b0 <__cyg_profile_func_exit@plt>
   0x000000000040078a <+122>:   pop    %rdx
   0x000000000040078b <+123>:   xor    %eax,%eax
   0x000000000040078d <+125>:   pop    %rbx
---Type <return> to continue, or q <return> to quit---q
Quit
(gdb) b *0x400767
Breakpoint 1 at 0x400767
(gdb) r
The program being debugged has been started already.
Start it from the beginning? (y or n) y
Starting program: /home/m/git/test/tests/t-dlopen2

Breakpoint 1, 0x0000000000400767 in main ()
(gdb) info reg $rax
rax            0x7ffff6faca60   140737337018976
(gdb) list $rax
Undefined convenience variable or function "$rax" not defined.
(gdb) list *$rax
0x7ffff6faca60 is in __creat64 (../sysdeps/unix/sysv/linux/creat64.c:28).
23      ../sysdeps/unix/sysv/linux/creat64.c: No such file or directory.
```

this is debugging record

**Comment by ParkHanbum** [comment]
```
m@m:~/git/test/tests$ file libbaz.so
libbaz.so: ELF 64-bit LSB shared object, x86-64, version 1 (SYSV), dynamically linked, not stripped

m@m:~/git/test/tests$ objdump -T libbaz.so | grep creat
0000000000000be5 g    DF .text  0000000000000062  Base        creat
```

**Comment by ParkHanbum** [comment]
```
Breakpoint 1, 0x0000000000400752 in main ()
(gdb) x/s 0x400924
0x400924:       "libbaz.so"
(gdb) ni
0x0000000000400757 in main ()
(gdb) info reg $rax
rax            0x0      0
(gdb)
```

**Comment by ParkHanbum** [comment]
so, we need to notify where to find libbar.so to loader. 
as I know, most simplied way is to use 'LD_LIBRARY_PATH'.

like this;
```
+     def runcmd(self):
+         return 'LD_LIBRARY_PATH=. %s -F a %s' % (TestBase.uftrace_cmd, 't-dlopen2')
```

```
m@m:~/git/test/tests$ ./runtest.py 200
Test case                 pg             finstrument-fu
------------------------: O0 O1 O2 O3 Os O0 O1 O2 O3 Os
200 lib_dlopen2         : OK OK OK OK OK OK OK OK OK OK
```

this result what we expected :)

**Comment by namhyung** [comment]
What about this?

```diff
diff --git a/tests/s-dlopen2.cpp b/tests/s-dlopen2.cpp
index 4e459485..20961dc5 100644
--- a/tests/s-dlopen2.cpp
+++ b/tests/s-dlopen2.cpp
@@ -18,7 +18,7 @@ int main(int argc, char *argv[])
        if (argc > 1)
                n = atoi(argv[1]);

-       handle = dlopen("libbaz.so", RTLD_LAZY);
+       handle = dlopen("./libbaz.so", RTLD_LAZY);
        creat = (Parent* (*)())dlsym(handle, "creat");
        p = creat();
        p->bar(n);
```

**Comment by ParkHanbum** [comment]
@namhyung it is not enough to fix this issue.

**Comment by ParkHanbum** [comment]
```
m@m:~/git/uftrace/tests$ git diff HEAD -- s-dlopen2.cpp
diff --git a/tests/s-dlopen2.cpp b/tests/s-dlopen2.cpp
index 4e45948..20961dc 100644
--- a/tests/s-dlopen2.cpp
+++ b/tests/s-dlopen2.cpp
@@ -18,7 +18,7 @@ int main(int argc, char *argv[])
        if (argc > 1)
                n = atoi(argv[1]);

-       handle = dlopen("libbaz.so", RTLD_LAZY);
+       handle = dlopen("./libbaz.so", RTLD_LAZY);
        creat = (Parent* (*)())dlsym(handle, "creat");
        p = creat();
        p->bar(n);
```
```
m@m:~/git/uftrace/tests$ ./runtest.py 200
Test case                 pg             finstrument-fu
------------------------: O0 O1 O2 O3 Os O0 O1 O2 O3 Os
200 lib_dlopen2         : SG SG SG SG SG SG SG SG SG SG
```

**Comment by ParkHanbum** [comment]
or we can keep this test as failed. return test as fail when dlopen failed.

**Comment by namhyung** [comment]
Also it should check return value of `dlopen` in the first place.

**Comment by ParkHanbum** [comment]
sure, it's my pleasure.
